Jan 19, 2025 11:48:09 PM loging.loging$ActivityLogger logLogin
INFO: a berhasil melakukan login.
Jan 19, 2025 11:49:47 PM loging.loging$ActivityLogger logLogin
INFO: Muhammad Rifqi Fuadi berhasil melakukan login.
Jan 19, 2025 11:54:51 PM loging.loging$ActivityLogger logLogin
INFO: Fikri Ferry berhasil melakukan login.
Jan 19, 2025 11:55:05 PM loging.loging$ActivityLogger logLogin
INFO: Muhammad Rifqi Fuadi berhasil melakukan login.
Jan 19, 2025 11:55:12 PM loging.loging$ActivityLogger logLogin
INFO: Nur Aji Purnomo berhasil melakukan login.
Jan 19, 2025 11:55:18 PM loging.loging$ActivityLogger logLogin
INFO: Muhammad Muqtasid Roziq berhasil melakukan login.
Jan 19, 2025 11:55:23 PM loging.loging$ActivityLogger logError
SEVERE: Error: gagal melaakukan login karena salah memasukan username/password.
Jan 19, 2025 11:55:35 PM loging.loging$ActivityLogger logError
SEVERE: Error: gagal melaakukan login karena salah memasukan username/password.
Jan 20, 2025 12:16:58 AM loging.loging$ActivityLogger logLogin
INFO: Muhammad Rifqi Fuadi berhasil melakukan login.
Jan 20, 2025 12:18:17 AM loging.loging$ActivityLogger logLogin
INFO: Muhammad Rifqi Fuadi berhasil melakukan login.
Jan 20, 2025 12:20:45 AM loging.loging$ActivityLogger logLogin
INFO: Muhammad Rifqi Fuadi berhasil melakukan login.
Jan 20, 2025 12:24:48 AM loging.loging$ActivityLogger logLogin
INFO: Muhammad Rifqi Fuadi berhasil melakukan login.
Jan 20, 2025 12:25:09 AM loging.loging$ActivityLogger logInsertProduk
INFO: Muhammad Rifqi Fuaditelah menambahkan produk dengan id: as
Jan 20, 2025 12:32:15 AM loging.loging$ActivityLogger logLogin
INFO: Muhammad Rifqi Fuadi berhasil melakukan login.
Jan 20, 2025 12:32:33 AM loging.loging$ActivityLogger logInsertUser
INFO: Muhammad Rifqi Fuaditelah menambahkan user: as
Jan 20, 2025 1:20:00 AM loging.loging$ActivityLogger logLogin
INFO: Muhammad Rifqi Fuadi berhasil melakukan login.
Jan 20, 2025 1:20:07 AM loging.loging$ActivityLogger logDeleteUser
INFO: Muhammad Rifqi Fuadi telah menghapus: Muhammad Rifqi Fuadi
Jan 20, 2025 1:21:51 AM loging.loging$ActivityLogger logLogin
INFO: Muhammad Rifqi Fuadi berhasil melakukan login.
Jan 20, 2025 1:22:04 AM loging.loging$ActivityLogger logInsertUser
INFO: Muhammad Rifqi Fuadi telah menambahkan user: as
Jan 20, 2025 1:22:11 AM loging.loging$ActivityLogger logLogin
INFO: as berhasil melakukan login.
Jan 20, 2025 1:22:38 AM loging.loging$ActivityLogger logInsertUser
INFO: as telah menambahkan user: aaaaa
Jan 20, 2025 1:22:48 AM loging.loging$ActivityLogger logDeleteUser
INFO: as telah menghapus: as
Jan 20, 2025 1:23:45 AM loging.loging$ActivityLogger logLogin
INFO: Muhammad Rifqi Fuadi berhasil melakukan login.
Jan 20, 2025 1:23:50 AM loging.loging$ActivityLogger logDeleteUser
INFO: Muhammad Rifqi Fuadi telah menghapus: user
Jan 20, 2025 1:27:33 AM loging.loging$ActivityLogger logLogin
INFO: Muhammad Rifqi Fuadi berhasil melakukan login.
Jan 20, 2025 1:27:45 AM loging.loging$ActivityLogger logInsertUser
INFO: Muhammad Rifqi Fuadi telah menambahkan user: a
Jan 20, 2025 1:27:49 AM loging.loging$ActivityLogger logDeleteUser
INFO: Muhammad Rifqi Fuadi telah menghapus: a
Jan 20, 2025 1:32:35 AM loging.loging$ActivityLogger logLogin
INFO: Muhammad Rifqi Fuadi berhasil melakukan login.
Jan 20, 2025 1:32:48 AM loging.loging$ActivityLogger logEditUser
INFO: Fikri Ferry telah mengedit data: Fikri Ferry Fahrezi
Jan 20, 2025 1:33:53 AM loging.loging$ActivityLogger logLogin
INFO: Muhammad Rifqi Fuadi berhasil melakukan login.
Jan 20, 2025 1:34:04 AM loging.loging$ActivityLogger logEditUser
INFO: Fikri Ferry Fahrezi telah mengedit data: Fikri Ferry Fahrezi
Jan 20, 2025 1:34:24 AM loging.loging$ActivityLogger logLogin
INFO: Muhammad Rifqi Fuadi berhasil melakukan login.
Jan 20, 2025 1:34:41 AM loging.loging$ActivityLogger logEditUser
INFO: Fikri Ferry  telah mengedit data: Fikri Ferry 
Jan 20, 2025 1:36:07 AM loging.loging$ActivityLogger logLogin
INFO: Muhammad Rifqi Fuadi berhasil melakukan login.
Jan 20, 2025 1:36:35 AM loging.loging$ActivityLogger logLogin
INFO: Muhammad Rifqi Fuadi berhasil melakukan login.
Jan 20, 2025 1:36:42 AM loging.loging$ActivityLogger logSearching
INFO: Muhammad Rifqi Fuadi telah mencari nama Nur Aji Purnomo
Jan 20, 2025 1:36:55 AM loging.loging$ActivityLogger logSearching
INFO: Muhammad Rifqi Fuadi telah mencari nama Muhammad Rifqi Fuadi
Jan 20, 2025 1:36:55 AM loging.loging$ActivityLogger logSearching
INFO: Muhammad Rifqi Fuadi telah mencari nama Fikri Ferry Fahrezi
Jan 20, 2025 1:40:59 AM loging.loging$ActivityLogger logLogin
INFO: Muhammad Rifqi Fuadi berhasil melakukan login.
Jan 20, 2025 1:41:11 AM loging.loging$ActivityLogger logInsertUser
INFO: Muhammad Rifqi Fuadi telah menambahkan user: as
Jan 20, 2025 1:41:25 AM loging.loging$ActivityLogger logEditUser
INFO: as telah mengedit data: as
Jan 20, 2025 1:41:34 AM loging.loging$ActivityLogger logSearching
INFO: Muhammad Rifqi Fuadi telah mencari nama as
Jan 20, 2025 1:41:34 AM loging.loging$ActivityLogger logSearching
INFO: Muhammad Rifqi Fuadi telah mencari nama Muhammad Muqtasid Roziq
Jan 20, 2025 1:41:42 AM loging.loging$ActivityLogger logDeleteUser
INFO: Muhammad Rifqi Fuadi telah menghapus: as
Jan 20, 2025 2:31:29 AM loging.loging$ActivityLogger logLogin
INFO: Muhammad Rifqi Fuadi berhasil melakukan login.
Jan 20, 2025 2:31:44 AM loging.loging$ActivityLogger logInsertUser
INFO: Muhammad Rifqi Fuadi telah menambahkan user: as
Jan 20, 2025 2:32:10 AM loging.loging$ActivityLogger logEditUser
INFO: Muhammad Rifqi Fuadi telah mengedit data: as
Jan 20, 2025 2:32:22 AM loging.loging$ActivityLogger logDeleteUser
INFO: Muhammad Rifqi Fuadi telah menghapus: as
Jan 20, 2025 2:46:29 AM loging.loging$ActivityLogger logError
SEVERE: Error: gagal melaakukan login karena salah memasukan username/password.
Jan 20, 2025 2:46:35 AM loging.loging$ActivityLogger logLogin
INFO: Muhammad Rifqi Fuadi berhasil melakukan login.
Jan 20, 2025 2:47:06 AM loging.loging$ActivityLogger logLogin
INFO: Nur Aji Purnomo berhasil melakukan login.
Jan 20, 2025 8:19:44 AM loging.loging$ActivityLogger logError
SEVERE: Error: Kesalahan login pada user o: Cannot invoke "java.sql.Connection.prepareStatement(String)" because "conn" is null
Jan 20, 2025 8:20:00 AM loging.loging$ActivityLogger logError
SEVERE: Error: Kesalahan login pada user o: Cannot invoke "java.sql.Connection.prepareStatement(String)" because "conn" is null
Jan 20, 2025 8:20:05 AM loging.loging$ActivityLogger logLogin
INFO: Muhammad Muqtasid Roziq berhasil melakukan login.
Jan 20, 2025 8:22:51 AM loging.loging$ActivityLogger logLogin
INFO: Muhammad Rifqi Fuadi berhasil melakukan login.
Jan 20, 2025 8:23:16 AM loging.loging$ActivityLogger logLogin
INFO: Muhammad Muqtasid Roziq berhasil melakukan login.
Jan 20, 2025 8:25:23 AM loging.loging$ActivityLogger logLogin
INFO: Muhammad Muqtasid Roziq berhasil melakukan login.
Jan 20, 2025 8:25:46 AM loging.loging$ActivityLogger logLogin
INFO: Muhammad Rifqi Fuadi berhasil melakukan login.
Jan 20, 2025 8:27:39 AM loging.loging$ActivityLogger logLogin
INFO: Muhammad Muqtasid Roziq berhasil melakukan login.
Jan 20, 2025 8:28:26 AM loging.loging$ActivityLogger logLogin
INFO: Nur Aji Purnomo berhasil melakukan login.
Jan 20, 2025 8:28:44 AM loging.loging$ActivityLogger logLogin
INFO: Muhammad Muqtasid Roziq berhasil melakukan login.
Jan 20, 2025 9:08:43 AM loging.loging$ActivityLogger logLogin
INFO: Muhammad Rifqi Fuadi berhasil melakukan login.
Jan 20, 2025 9:11:47 AM loging.loging$ActivityLogger logLogin
INFO: Muhammad Rifqi Fuadi berhasil melakukan login.
Jan 20, 2025 9:12:46 AM loging.loging$ActivityLogger logLogin
INFO: Muhammad Rifqi Fuadi berhasil melakukan login.
Jan 20, 2025 9:16:47 AM loging.loging$ActivityLogger logError
SEVERE: Error: Muhammad Rifqi Fuadigagal melakukan pencarian
Jan 20, 2025 9:16:55 AM loging.loging$ActivityLogger logError
SEVERE: Error: Muhammad Rifqi Fuadigagal melakukan pencarian
Jan 20, 2025 9:17:01 AM loging.loging$ActivityLogger logSearching
INFO: Muhammad Rifqi Fuadi telah mencari nama Nur Aji Purnomo
Jan 20, 2025 9:46:14 AM loging.loging$ActivityLogger logLogin
INFO: Muhammad Rifqi Fuadi berhasil melakukan login.
Jan 20, 2025 9:50:09 AM loging.loging$ActivityLogger logLogin
INFO: Nur Aji Purnomo berhasil melakukan login.
Jan 20, 2025 9:50:24 AM loging.loging$ActivityLogger logError
SEVERE: Error: gagal melaakukan login karena salah memasukan username/password.
Jan 20, 2025 9:50:30 AM loging.loging$ActivityLogger logLogin
INFO: Muhammad Rifqi Fuadi berhasil melakukan login.
Jan 20, 2025 9:50:56 AM loging.loging$ActivityLogger logEditProduk
INFO: Muhammad Rifqi Fuadi telah mengedit data di dalam produk: null
Jan 20, 2025 9:52:42 AM loging.loging$ActivityLogger logSearchProduk
INFO: Muhammad Rifqi Fuadi mencari produk dengan id produk: air mineral
Jan 20, 2025 9:52:42 AM loging.loging$ActivityLogger logSearchProduk
INFO: Muhammad Rifqi Fuadi mencari produk dengan id produk: air mineral besar
Jan 20, 2025 9:52:42 AM loging.loging$ActivityLogger logSearchProduk
INFO: Muhammad Rifqi Fuadi mencari produk dengan id produk: beras premium
Jan 20, 2025 9:52:42 AM loging.loging$ActivityLogger logSearchProduk
INFO: Muhammad Rifqi Fuadi mencari produk dengan id produk: coklat premium
Jan 20, 2025 9:52:42 AM loging.loging$ActivityLogger logSearchProduk
INFO: Muhammad Rifqi Fuadi mencari produk dengan id produk: gula premium
Jan 20, 2025 9:52:42 AM loging.loging$ActivityLogger logSearchProduk
INFO: Muhammad Rifqi Fuadi mencari produk dengan id produk: mie sedap
Jan 20, 2025 9:52:42 AM loging.loging$ActivityLogger logSearchProduk
INFO: Muhammad Rifqi Fuadi mencari produk dengan id produk: mie goreng
Jan 20, 2025 9:52:42 AM loging.loging$ActivityLogger logSearchProduk
INFO: Muhammad Rifqi Fuadi mencari produk dengan id produk: minyak goreng
Jan 20, 2025 9:52:42 AM loging.loging$ActivityLogger logSearchProduk
INFO: Muhammad Rifqi Fuadi mencari produk dengan id produk: mie instan
Jan 20, 2025 9:52:42 AM loging.loging$ActivityLogger logSearchProduk
INFO: Muhammad Rifqi Fuadi mencari produk dengan id produk: mie kuah
Jan 20, 2025 9:52:42 AM loging.loging$ActivityLogger logSearchProduk
INFO: Muhammad Rifqi Fuadi mencari produk dengan id produk: minyak kelapa
Jan 20, 2025 9:52:42 AM loging.loging$ActivityLogger logSearchProduk
INFO: Muhammad Rifqi Fuadi mencari produk dengan id produk: mie basah
Jan 20, 2025 9:52:42 AM loging.loging$ActivityLogger logSearchProduk
INFO: Muhammad Rifqi Fuadi mencari produk dengan id produk: mie ayam
Jan 20, 2025 9:52:42 AM loging.loging$ActivityLogger logSearchProduk
INFO: Muhammad Rifqi Fuadi mencari produk dengan id produk: minyak wijen
Jan 20, 2025 9:52:42 AM loging.loging$ActivityLogger logSearchProduk
INFO: Muhammad Rifqi Fuadi mencari produk dengan id produk: mie korea
Jan 20, 2025 9:52:42 AM loging.loging$ActivityLogger logSearchProduk
INFO: Muhammad Rifqi Fuadi mencari produk dengan id produk: mie vietnam
Jan 20, 2025 9:52:52 AM loging.loging$ActivityLogger logSearchProduk
INFO: Muhammad Rifqi Fuadi mencari produk dengan id produk: aqua gelas
Jan 20, 2025 9:52:52 AM loging.loging$ActivityLogger logSearchProduk
INFO: Muhammad Rifqi Fuadi mencari produk dengan id produk: aqua botol
Jan 20, 2025 9:52:52 AM loging.loging$ActivityLogger logSearchProduk
INFO: Muhammad Rifqi Fuadi mencari produk dengan id produk: aqua kemasan
Jan 20, 2025 9:52:52 AM loging.loging$ActivityLogger logSearchProduk
INFO: Muhammad Rifqi Fuadi mencari produk dengan id produk: aqua travel pack
Jan 20, 2025 9:53:02 AM loging.loging$ActivityLogger logSearchProduk
INFO: Muhammad Rifqi Fuadi mencari produk dengan id produk: aqua gelas
Jan 20, 2025 9:53:02 AM loging.loging$ActivityLogger logSearchProduk
INFO: Muhammad Rifqi Fuadi mencari produk dengan id produk: aqua botol
Jan 20, 2025 9:53:02 AM loging.loging$ActivityLogger logSearchProduk
INFO: Muhammad Rifqi Fuadi mencari produk dengan id produk: aqua kemasan
Jan 20, 2025 9:53:02 AM loging.loging$ActivityLogger logSearchProduk
INFO: Muhammad Rifqi Fuadi mencari produk dengan id produk: aqua travel pack
Jan 20, 2025 9:53:06 AM loging.loging$ActivityLogger logSearchProduk
INFO: Muhammad Rifqi Fuadi mencari produk dengan id produk: mie ayam
Jan 20, 2025 9:55:19 AM loging.loging$ActivityLogger logLogin
INFO: Nur Aji Purnomo berhasil melakukan login.
Jan 20, 2025 10:59:07 AM loging.loging$ActivityLogger logLogin
INFO: Muhammad Rifqi Fuadi berhasil melakukan login.
Jan 20, 2025 11:03:38 AM loging.loging$ActivityLogger logLogin
INFO: Nur Aji Purnomo berhasil melakukan login.
Jan 20, 2025 11:03:49 AM loging.loging$ActivityLogger logLogin
INFO: Nur Aji Purnomo berhasil melakukan login.
Jan 20, 2025 11:07:39 AM loging.loging$ActivityLogger logError
SEVERE: Error: gagal melaakukan login karena salah memasukan username/password.
Jan 20, 2025 11:07:41 AM loging.loging$ActivityLogger logLogin
INFO: Muhammad Muqtasid Roziq berhasil melakukan login.
Jan 25, 2025 3:56:32 PM loging.loging$ActivityLogger logError
SEVERE: Error: gagal melaakukan login karena salah memasukan username/password.
Jan 25, 2025 3:56:33 PM loging.loging$ActivityLogger logLogin
INFO: Muhammad Rifqi Fuadi berhasil melakukan login.
Jan 25, 2025 4:40:10 PM loging.loging$ActivityLogger logLogin
INFO: Muhammad Rifqi Fuadi berhasil melakukan login.
Jan 25, 2025 4:41:04 PM loging.loging$ActivityLogger logError
SEVERE: Error: gagal melaakukan login karena salah memasukan username/password.
Jan 25, 2025 4:41:08 PM loging.loging$ActivityLogger logLogin
INFO: Fikri Ferry Fahrezi berhasil melakukan login.
May 22, 2025 3:59:14 PM loging.loging$ActivityLogger logError
SEVERE: Error: Kesalahan login pada user a: Cannot invoke "java.sql.Connection.prepareStatement(String)" because "conn" is null
May 26, 2025 2:47:13 PM loging.loging$ActivityLogger logError
SEVERE: Error: Kesalahan login pada user a: Cannot invoke "java.sql.Connection.prepareStatement(String)" because "conn" is null
May 29, 2025 11:48:10 AM loging.loging$ActivityLogger logError
SEVERE: Error: Kesalahan login pada user a: Cannot invoke "java.sql.Connection.prepareStatement(String)" because "conn" is null
May 29, 2025 11:48:17 AM loging.loging$ActivityLogger logError
SEVERE: Error: Kesalahan login pada user a: Cannot invoke "java.sql.Connection.prepareStatement(String)" because "conn" is null
May 29, 2025 11:48:43 AM loging.loging$ActivityLogger logLogin
INFO: Muhammad Muqtasid Roziq berhasil melakukan login.
May 29, 2025 11:51:45 AM loging.loging$ActivityLogger logLogin
INFO: Ahmad Kasir berhasil melakukan login.
May 29, 2025 4:14:53 PM loging.loging$ActivityLogger logError
SEVERE: Error: Kesalahan login pada user a: Unknown column 'username_user' in 'where clause'
May 29, 2025 4:15:11 PM loging.loging$ActivityLogger logLogin
INFO: a berhasil melakukan login.
May 29, 2025 4:21:23 PM loging.loging$ActivityLogger logLogin
INFO: a berhasil melakukan login.
May 29, 2025 4:21:56 PM loging.loging$ActivityLogger logError
SEVERE: Error: agagal mengubah data null
May 29, 2025 4:29:37 PM loging.loging$ActivityLogger logLogin
INFO: a berhasil melakukan login.
May 29, 2025 4:29:49 PM loging.loging$ActivityLogger logError
SEVERE: Error: agagal mengubah data null
May 29, 2025 4:36:37 PM loging.loging$ActivityLogger logLogin
INFO: a berhasil melakukan login.
May 29, 2025 4:37:21 PM loging.loging$ActivityLogger logError
SEVERE: Error: agagal mengubah data null
May 29, 2025 4:39:04 PM loging.loging$ActivityLogger logLogin
INFO: a berhasil melakukan login.
May 29, 2025 4:39:14 PM loging.loging$ActivityLogger logEditUser
INFO: a telah mengedit data: null
May 29, 2025 4:42:29 PM loging.loging$ActivityLogger logLogin
INFO: a berhasil melakukan login.
May 29, 2025 4:52:11 PM loging.loging$ActivityLogger logLogin
INFO: a berhasil melakukan login.
May 29, 2025 4:56:40 PM loging.loging$ActivityLogger logLogin
INFO: a berhasil melakukan login.
May 29, 2025 4:57:02 PM loging.loging$ActivityLogger logEditProduk
INFO: a telah mengedit data di dalam produk: null
May 30, 2025 5:21:19 PM loging.loging$ActivityLogger logError
SEVERE: Error: gagal melaakukan login karena salah memasukan username/password.
May 30, 2025 5:21:23 PM loging.loging$ActivityLogger logLogin
INFO: a berhasil melakukan login.
May 30, 2025 5:22:17 PM loging.loging$ActivityLogger logLogin
INFO: a berhasil melakukan login.
May 30, 2025 5:25:56 PM loging.loging$ActivityLogger logLogin
INFO: a berhasil melakukan login.
May 30, 2025 5:30:31 PM loging.loging$ActivityLogger logError
SEVERE: Error: gagal melaakukan login karena salah memasukan username/password.
May 30, 2025 5:30:34 PM loging.loging$ActivityLogger logLogin
INFO: a berhasil melakukan login.
May 30, 2025 5:34:14 PM loging.loging$ActivityLogger logLogin
INFO: a berhasil melakukan login.
May 30, 2025 5:37:17 PM loging.loging$ActivityLogger logLogin
INFO: a berhasil melakukan login.
May 30, 2025 5:38:01 PM loging.loging$ActivityLogger logLogin
INFO: a berhasil melakukan login.
May 30, 2025 6:13:27 PM loging.loging$ActivityLogger logError
SEVERE: Error: gagal melaakukan login karena salah memasukan username/password.
May 30, 2025 6:13:30 PM loging.loging$ActivityLogger logLogin
INFO: a berhasil melakukan login.
May 30, 2025 6:19:52 PM loging.loging$ActivityLogger logLogin
INFO: a berhasil melakukan login.
May 30, 2025 6:30:30 PM loging.loging$ActivityLogger logLogin
INFO: a berhasil melakukan login.
May 30, 2025 6:35:54 PM loging.loging$ActivityLogger logError
SEVERE: Error: gagal melaakukan login karena salah memasukan username/password.
May 30, 2025 6:35:56 PM loging.loging$ActivityLogger logLogin
INFO: a berhasil melakukan login.
May 30, 2025 6:37:01 PM loging.loging$ActivityLogger logLogin
INFO: a berhasil melakukan login.
May 30, 2025 7:18:26 PM loging.loging$ActivityLogger logLogin
INFO: a berhasil melakukan login.
May 30, 2025 7:19:53 PM loging.loging$ActivityLogger logLogin
INFO: a berhasil melakukan login.
May 30, 2025 7:20:55 PM loging.loging$ActivityLogger logLogin
INFO: a berhasil melakukan login.
May 30, 2025 7:24:00 PM loging.loging$ActivityLogger logLogin
INFO: a berhasil melakukan login.
May 30, 2025 7:33:44 PM loging.loging$ActivityLogger logLogin
INFO: a berhasil melakukan login.
May 30, 2025 9:50:46 PM loging.loging$ActivityLogger logLogin
INFO: a berhasil melakukan login.
May 30, 2025 9:56:13 PM loging.loging$ActivityLogger logLogin
INFO: a berhasil melakukan login.
May 30, 2025 10:03:43 PM loging.loging$ActivityLogger logLogin
INFO: a berhasil melakukan login.
May 30, 2025 10:04:44 PM loging.loging$ActivityLogger logLogin
INFO: a berhasil melakukan login.
May 30, 2025 10:05:37 PM loging.loging$ActivityLogger logError
SEVERE: Error: gagal melaakukan login karena salah memasukan username/password.
May 30, 2025 10:05:40 PM loging.loging$ActivityLogger logLogin
INFO: a berhasil melakukan login.
May 30, 2025 10:12:00 PM loging.loging$ActivityLogger logLogin
INFO: a berhasil melakukan login.
May 30, 2025 10:17:42 PM loging.loging$ActivityLogger logLogin
INFO: utiya berhasil melakukan login.
May 31, 2025 8:53:32 AM loging.loging$ActivityLogger logError
SEVERE: Error: gagal melaakukan login karena salah memasukan username/password.
May 31, 2025 8:53:40 AM loging.loging$ActivityLogger logLogin
INFO: utiya berhasil melakukan login.
May 31, 2025 9:53:52 AM loging.loging$ActivityLogger logError
SEVERE: Error: gagal melaakukan login karena salah memasukan username/password.
May 31, 2025 9:53:57 AM loging.loging$ActivityLogger logLogin
INFO: utiya berhasil melakukan login.
May 31, 2025 10:06:42 AM loging.loging$ActivityLogger logLogin
INFO: utiya berhasil melakukan login.
May 31, 2025 3:59:24 PM loging.loging$ActivityLogger logError
SEVERE: Error: Kesalahan login pada user utiya: Uncompilable code - constructor formUtama in class formAdmin.formUtama cannot be applied to given types;
  required: java.lang.String
  found:    no arguments
  reason: actual and formal argument lists differ in length
May 31, 2025 3:59:37 PM loging.loging$ActivityLogger logError
SEVERE: Error: Kesalahan login pada user roziq: Uncompilable code - constructor formUtama in class formAdmin.formUtama cannot be applied to given types;
  required: java.lang.String
  found:    no arguments
  reason: actual and formal argument lists differ in length
May 31, 2025 3:59:45 PM loging.loging$ActivityLogger logError
SEVERE: Error: Kesalahan login pada user roziq: Uncompilable code - constructor formUtama in class formAdmin.formUtama cannot be applied to given types;
  required: java.lang.String
  found:    no arguments
  reason: actual and formal argument lists differ in length
May 31, 2025 3:59:48 PM loging.loging$ActivityLogger logError
SEVERE: Error: Kesalahan login pada user roziq: Uncompilable code - constructor formUtama in class formAdmin.formUtama cannot be applied to given types;
  required: java.lang.String
  found:    no arguments
  reason: actual and formal argument lists differ in length
May 31, 2025 4:00:25 PM loging.loging$ActivityLogger logLogin
INFO: utiya berhasil melakukan login.
